<?xml version="1.0" encoding="UTF-8"?>
<!-- Generated by org.testng.reporters.JUnitReportReporter -->
<testsuite hostname="QSP" failures="0" tests="1" name="CURDoperationsGitHubApp.GetOperation" time="5.269" errors="0" timestamp="2022-01-09T10:26:59 IST" skipped="0">
  <testcase classname="CURDoperationsGitHubApp.GetOperation" name="getOperation" time="5.269"/>
  <system-out/>
</testsuite> <!-- CURDoperationsGitHubApp.GetOperation -->
