<?xml version="1.0" encoding="UTF-8"?>
<!-- Generated by org.testng.reporters.JUnitReportReporter -->
<testsuite hostname="QSP" failures="0" tests="1" name="CURDoperationsGitHubApp.DeleteOperation" time="5.384" errors="0" timestamp="2022-01-09T10:42:54 IST" skipped="0">
  <testcase classname="CURDoperationsGitHubApp.DeleteOperation" name="deeteOperation" time="5.384"/>
  <system-out/>
</testsuite> <!-- CURDoperationsGitHubApp.DeleteOperation -->
