<?xml version="1.0" encoding="UTF-8"?>
<!-- Generated by org.testng.reporters.JUnitReportReporter -->
<testsuite hostname="QSP" failures="0" tests="1" name="parameterization.Test0" time="6.377" errors="0" timestamp="2022-01-15T10:13:55 IST" skipped="0">
  <testcase classname="parameterization.Test0" name="tc1" time="6.377"/>
  <system-out/>
</testsuite> <!-- parameterization.Test0 -->
