<?xml version="1.0" encoding="UTF-8"?>
<!-- Generated by org.testng.reporters.JUnitReportReporter -->
<testsuite hostname="QSP" failures="0" tests="1" name="CURDoperationsGitHubApp.PatchOperation" time="6.682" errors="0" timestamp="2022-01-09T10:39:58 IST" skipped="0">
  <testcase classname="CURDoperationsGitHubApp.PatchOperation" name="postOpertaion" time="6.682"/>
  <system-out/>
</testsuite> <!-- CURDoperationsGitHubApp.PatchOperation -->
