<?xml version="1.0" encoding="UTF-8"?>
<!-- Generated by org.testng.reporters.JUnitReportReporter -->
<testsuite hostname="QSP" failures="0" tests="1" name="CURDoperations.DeteleOperation" time="6.304" errors="0" timestamp="2022-01-09T09:52:30 IST" skipped="0">
  <testcase classname="CURDoperations.DeteleOperation" name="deleteOperation" time="6.304"/>
  <system-out/>
</testsuite> <!-- CURDoperations.DeteleOperation -->
