<?xml version="1.0" encoding="UTF-8"?>
<!-- Generated by org.testng.reporters.JUnitReportReporter -->
<testsuite hostname="QSP" failures="0" tests="1" name="jacksonSeralization.Seralization" time="0.694" errors="0" timestamp="2022-01-16T09:44:44 IST" skipped="0">
  <testcase classname="jacksonSeralization.Seralization" name="demo" time="0.694"/>
  <system-out/>
</testsuite> <!-- jacksonSeralization.Seralization -->
