<?xml version="1.0" encoding="UTF-8"?>
<!-- Generated by org.testng.reporters.JUnitReportReporter -->
<testsuite hostname="QSP" failures="0" tests="1" name="CURDoperationsGitHubApp.PostOperation" time="8.784" errors="0" timestamp="2022-01-09T10:34:29 IST" skipped="0">
  <testcase classname="CURDoperationsGitHubApp.PostOperation" name="postoperation" time="8.784"/>
  <system-out/>
</testsuite> <!-- CURDoperationsGitHubApp.PostOperation -->
