<?xml version="1.0" encoding="UTF-8"?>
<!-- Generated by org.testng.reporters.JUnitReportReporter -->
<testsuite hostname="QSP" failures="0" tests="1" name="database.Test0" time="1.281" errors="0" timestamp="2022-01-16T08:58:57 IST" skipped="0">
  <testcase classname="database.Test0" name="db" time="1.281"/>
  <system-out/>
</testsuite> <!-- database.Test0 -->
