<?xml version="1.0" encoding="UTF-8"?>
<!-- Generated by org.testng.reporters.JUnitReportReporter -->
<testsuite hostname="QSP" failures="0" tests="1" name="CURDoperations.PostOperation" time="6.519" errors="0" timestamp="2022-01-09T09:47:09 IST" skipped="0">
  <testcase classname="CURDoperations.PostOperation" name="postOperation" time="6.519"/>
  <system-out/>
</testsuite> <!-- CURDoperations.PostOperation -->
