<?xml version="1.0" encoding="UTF-8"?>
<!-- Generated by org.testng.reporters.JUnitReportReporter -->
<testsuite hostname="QSP" failures="0" tests="1" name="jacksonSeralization.Demo" time="6.581" errors="0" timestamp="2022-01-16T10:27:03 IST" skipped="0">
  <testcase classname="jacksonSeralization.Demo" name="tc1" time="6.581"/>
  <system-out/>
</testsuite> <!-- jacksonSeralization.Demo -->
