<?xml version="1.0" encoding="UTF-8"?>
<!-- Generated by org.testng.reporters.JUnitReportReporter -->
<testsuite hostname="QSP" failures="0" tests="1" name="parameterization.Test1" time="8.600" errors="0" timestamp="2022-01-15T10:55:06 IST" skipped="0">
  <testcase classname="parameterization.Test1" name="test2" time="8.600"/>
  <system-out/>
</testsuite> <!-- parameterization.Test1 -->
