<?xml version="1.0" encoding="UTF-8"?>
<!-- Generated by org.testng.reporters.JUnitReportReporter -->
<testsuite hostname="QSP" failures="0" tests="1" name="CURDoperations.GetOperation" time="5.060" errors="0" timestamp="2022-01-09T09:29:54 IST" skipped="0">
  <testcase classname="CURDoperations.GetOperation" name="getOperation" time="5.060"/>
  <system-out/>
</testsuite> <!-- CURDoperations.GetOperation -->
