<?xml version="1.0" encoding="UTF-8"?>
<!-- Generated by org.testng.reporters.JUnitReportReporter -->
<testsuite hostname="QSP" failures="0" tests="1" name="CURDoperations.PatchOperation" time="5.616" errors="0" timestamp="2022-01-09T09:50:40 IST" skipped="0">
  <testcase classname="CURDoperations.PatchOperation" name="patchOperation" time="5.616"/>
  <system-out/>
</testsuite> <!-- CURDoperations.PatchOperation -->
