<?xml version="1.0" encoding="UTF-8"?>
<!-- Generated by org.testng.reporters.JUnitReportReporter -->
<testsuite hostname="QSP" failures="0" tests="1" name="CURDoperations.Getoperations1" time="4.859" errors="0" timestamp="2022-01-09T09:41:23 IST" skipped="0">
  <testcase classname="CURDoperations.Getoperations1" name="getoperation" time="4.859"/>
  <system-out/>
</testsuite> <!-- CURDoperations.Getoperations1 -->
