<?xml version="1.0" encoding="UTF-8"?>
<!-- Generated by org.testng.reporters.JUnitReportReporter -->
<testsuite hostname="QSP" failures="0" tests="1" name="jacksonSeralization.Deseralization" time="0.438" errors="0" timestamp="2022-01-16T09:57:25 IST" skipped="0">
  <testcase classname="jacksonSeralization.Deseralization" name="demo" time="0.438"/>
  <system-out/>
</testsuite> <!-- jacksonSeralization.Deseralization -->
