<?xml version="1.0" encoding="UTF-8"?>
<!-- Generated by org.testng.reporters.JUnitReportReporter -->
<testsuite hostname="QSP" failures="0" tests="1" name="jacksonSeralization.CreateRepro" time="7.237" errors="0" timestamp="2022-01-16T10:21:39 IST" skipped="0">
  <testcase classname="jacksonSeralization.CreateRepro" name="tc1" time="7.237"/>
  <system-out/>
</testsuite> <!-- jacksonSeralization.CreateRepro -->
